<?xml version="1.0" encoding="UTF-8"?>
<testsuite name="games.board.TestGameBoard" tests="11" skipped="0" failures="0" errors="0" timestamp="2020-10-11T13:07:07" hostname="PRASHANT-PRAKAS" time="0.069">
  <properties/>
  <testcase name="test01GetAndSetElement" classname="games.board.TestGameBoard" time="0.022"/>
  <testcase name="test02Filter" classname="games.board.TestGameBoard" time="0.015"/>
  <testcase name="test03All" classname="games.board.TestGameBoard" time="0.002"/>
  <testcase name="test04Any" classname="games.board.TestGameBoard" time="0.005"/>
  <testcase name="test05TheSameCell" classname="games.board.TestGameBoard" time="0.001"/>
  <testcase name="test06FindReturnsTheSameCell" classname="games.board.TestGameBoard" time="0.0"/>
  <testcase name="test07FilterTheSameCell" classname="games.board.TestGameBoard" time="0.0"/>
  <testcase name="test08AllAny" classname="games.board.TestGameBoard" time="0.02"/>
  <testcase name="test09AllAny" classname="games.board.TestGameBoard" time="0.0"/>
  <testcase name="test10AllAny" classname="games.board.TestGameBoard" time="0.0"/>
  <testcase name="test11AllAny" classname="games.board.TestGameBoard" time="0.0"/>
  <system-out><![CDATA[]]></system-out>
  <system-err><![CDATA[]]></system-err>
</testsuite>
